Performing C++ SOURCE FILE Test CMAKE_HAVE_LIBC_PTHREAD failed with the following output:
Change Dir: /mnt/c/Users/pedro/OneDrive/Desktop/IST/5 Ano - 1 Semestre/Cripto/CriptoElection/VoterApp/CMakeFiles/CMakeTmp

Run Build Command(s):/usr/bin/make cmTC_9fece/fast && /usr/bin/make -f CMakeFiles/cmTC_9fece.dir/build.make CMakeFiles/cmTC_9fece.dir/build
make[1]: Entering directory '/mnt/c/Users/pedro/OneDrive/Desktop/IST/5 Ano - 1 Semestre/Cripto/CriptoElection/VoterApp/CMakeFiles/CMakeTmp'
Building CXX object CMakeFiles/cmTC_9fece.dir/src.cxx.o
/usr/bin/c++    -DCMAKE_HAVE_LIBC_PTHREAD   -o CMakeFiles/cmTC_9fece.dir/src.cxx.o -c "/mnt/c/Users/pedro/OneDrive/Desktop/IST/5 Ano - 1 Semestre/Cripto/CriptoElection/VoterApp/CMakeFiles/CMakeTmp/src.cxx"
Linking CXX executable cmTC_9fece
/usr/local/bin/cmake -E cmake_link_script CMakeFiles/cmTC_9fece.dir/link.txt --verbose=1
/usr/bin/c++   -DCMAKE_HAVE_LIBC_PTHREAD    CMakeFiles/cmTC_9fece.dir/src.cxx.o  -o cmTC_9fece 
CMakeFiles/cmTC_9fece.dir/src.cxx.o: In function `main':
src.cxx:(.text+0x3e): undefined reference to `pthread_create'
src.cxx:(.text+0x4a): undefined reference to `pthread_detach'
src.cxx:(.text+0x5b): undefined reference to `pthread_join'
src.cxx:(.text+0x6f): undefined reference to `pthread_atfork'
collect2: error: ld returned 1 exit status
CMakeFiles/cmTC_9fece.dir/build.make:86: recipe for target 'cmTC_9fece' failed
make[1]: *** [cmTC_9fece] Error 1
make[1]: Leaving directory '/mnt/c/Users/pedro/OneDrive/Desktop/IST/5 Ano - 1 Semestre/Cripto/CriptoElection/VoterApp/CMakeFiles/CMakeTmp'
Makefile:121: recipe for target 'cmTC_9fece/fast' failed
make: *** [cmTC_9fece/fast] Error 2


Source file was:
#include <pthread.h>

void* test_func(void* data)
{
  return data;
}

int main(void)
{
  pthread_t thread;
  pthread_create(&thread, NULL, test_func, NULL);
  pthread_detach(thread);
  pthread_join(thread, NULL);
  pthread_atfork(NULL, NULL, NULL);
  pthread_exit(NULL);

  return 0;
}

